<?xml version="1.0" encoding="UTF-8"?>
<testng-results skipped="0" failed="0" ignored="0" total="1" passed="1">
  <reporter-output>
  </reporter-output>
  <suite name="Default suite" duration-ms="4562" started-at="2020-04-21T18:19:27 IST" finished-at="2020-04-21T18:19:31 IST">
    <groups>
    </groups>
    <test name="Default test" duration-ms="4562" started-at="2020-04-21T18:19:27 IST" finished-at="2020-04-21T18:19:31 IST">
      <class name="excelDriven.ExcelDrivenTC02">
        <test-method status="PASS" signature="tc02()[pri:0, instance:excelDriven.ExcelDrivenTC02@10694f1]" name="tc02" duration-ms="4490" started-at="2020-04-21T18:19:27 IST" finished-at="2020-04-21T18:19:31 IST">
          <reporter-output>
          </reporter-output>
        </test-method> <!-- tc02 -->
      </class> <!-- excelDriven.ExcelDrivenTC02 -->
    </test> <!-- Default test -->
  </suite> <!-- Default suite -->
</testng-results>
